This is pdfTeX, Version 3.1415926-2.3-1.40.12 (MiKTeX 2.9) (preloaded format=pdflatex 2020.1.31)  17 DEC 2022 18:43
entering extended mode
**E:/æˆ‘çš„åšæœäº‘/KaiminGuoæ¯•ä¸šè®ºæ–‡/body/chap03.tex
(E:/æˆ‘çš„åšæœäº‘/KaiminGuoæ¯•ä¸šè®ºæ–‡/body/chap03.tex
LaTeX2e <2011/06/27>
Babel <v3.8m> and hyphenation patterns for loaded.
! Undefined control sequence.
l.1 \chapter
            {RFIDÏµÍ³ÖĞ¶ªÊ§±êÇ©Ê¶±ğ}
? 
! Emergency stop.
l.1 \chapter
            {RFIDÏµÍ³ÖĞ¶ªÊ§±êÇ©Ê¶±ğ}
End of file on the terminal!

 
Here is how much of TeX's memory you used:
 7 strings out of 495354
 220 string characters out of 3183859
 44842 words of memory out of 3000000
 3276 multiletter control sequences out of 15000+200000
 3640 words of font info for 14 fonts, out of 3000000 for 9000
 14 hyphenation exceptions out of 8191
 5i,0n,1p,92b,8s stack positions out of 5000i,500n,10000p,200000b,50000s
!  ==> Fatal error occurred, no output PDF file produced!
